app/build/outputs/mapping/release/seeds.txt
com.google.android.gms.internal.ads.zzrc: void zzz()
com.google.android.gms.common.api.internal.zak: void onStop()
com.google.android.gms.internal.appset.zzl: void zze(android.content.Context)
com.google.android.gms.internal.ads.zzpo: void zzh(java.lang.Exception)
com.google.android.gms.internal.ads.zzetj: com.google.common.util.concurrent.ListenableFuture zzb()
com.google.android.gms.common.internal.GmsClient: java.util.Set validateScopes(java.util.Set)
com.google.android.gms.internal.ads.zzekk: com.google.android.gms.internal.ads.zzefy zza(java.lang.String,org.json.JSONObject)
com.google.android.gms.ads.formats.NativeCustomTemplateAd: java.util.List getAvailableAssetNames()
com.google.android.gms.internal.ads.zzgiu: com.google.android.gms.internal.ads.zzglt zza(com.google.android.gms.internal.ads.zzgdd)
androidx.coordinatorlayout.widget.CoordinatorLayout: java.util.List getDependencySortedChildren()
com.google.android.gms.internal.ads.zzeqe: zzeqe(com.google.android.gms.internal.ads.zzhec,com.google.android.gms.internal.ads.zzhec,com.google.android.gms.internal.ads.zzhec,com.google.android.gms.internal.ads.zzhec)
com.google.android.gms.internal.ads.zzetd: zzetd(java.lang.String)
com.google.android.gms.internal.measurement.zzet: boolean zzj()
com.google.android.gms.internal.ads.zzbvf: zzbvf()
com.google.android.gms.internal.ads.zzik: boolean zzQ()
com.google.android.gms.ads.nativead.NativeAd: void destroy()
com.google.android.gms.ads.search.DynamicHeightSearchAdRequest: java.lang.String getQuery()
com.google.android.gms.internal.ads.zzcfv: zzcfv(android.content.Context,com.google.android.gms.internal.ads.zzgq,java.lang.String,int,com.google.android.gms.internal.ads.zzhs,com.google.android.gms.internal.ads.zzcgg)
com.google.android.gms.internal.ads.zzbpo: com.google.android.gms.internal.ads.zzbrp zzc(java.lang.String)
com.google.android.gms.common.api.internal.zai: void zad(com.google.android.gms.common.api.Status)
com.google.android.gms.internal.ads.zzduu: void zza()
com.google.android.gms.internal.measurement.zzai: com.google.android.gms.internal.measurement.zzap zza(com.google.android.gms.internal.measurement.zzg,java.util.List)
com.google.android.gms.internal.ads.zzchf: com.google.common.util.concurrent.ListenableFuture zza()
com.google.android.gms.internal.ads.zzaau: void zzm(java.lang.Object,long)
com.google.android.gms.internal.ads.zzxi: com.google.android.gms.internal.ads.zzdi zzf(int,int,boolean)
com.google.android.gms.internal.ads.zzcqy: void zza(long,int)
com.google.android.gms.internal.ads.zzflv: java.util.Date zzb()
com.google.android.gms.internal.ads.zzbtd: com.google.android.gms.ads.nativead.NativeCustomFormatAd$DisplayOpenMeasurement getDisplayOpenMeasurement()
com.google.android.gms.internal.ads.zzbvd: zzbvd(android.content.Context,android.os.Looper,com.google.android.gms.common.internal.BaseGmsClient$BaseConnectionCallbacks,com.google.android.gms.common.internal.BaseGmsClient$BaseOnConnectionFailedListener)
androidx.appcompat.view.menu.ListMenuItemView: void setChecked(boolean)
com.google.android.gms.internal.ads.zzavj: void zze(com.google.android.gms.dynamic.IObjectWrapper,java.lang.String)
com.google.android.gms.internal.measurement.zzoc: java.lang.Object zza()
com.appsflyer.internal.AFa1cSDK: void AFKeystoreWrapper(boolean,java.lang.String,java.lang.String,java.lang.String,java.lang.String)
com.google.android.gms.internal.ads.zzeso: int zza()
com.google.android.gms.ads.mediation.MediationAdCallback: void reportAdImpression()
com.google.android.gms.internal.measurement.zzbo: void zzc(android.os.Parcel)
com.google.android.gms.internal.ads.zzems: void zzF(com.google.android.gms.ads.internal.client.zzq)
com.google.android.gms.ads.internal.util.zzab: void zzl(android.app.Activity)
com.google.android.gms.measurement.internal.zzhy: java.util.List zzm(java.lang.String,java.lang.String)
com.google.android.gms.internal.ads.zzfyy: boolean accept(java.io.File,java.lang.String)