app/build/outputs/mapping/release/usage.txt
com.google.firebase.installations.R$drawable
com.google.firebase.installations.R$id
com.google.firebase.installations.R$integer
com.google.firebase.installations.R$layout
com.google.firebase.installations.R$raw
com.google.firebase.installations.R$string
com.google.firebase.installations.R$style
com.google.firebase.installations.R$styleable
com.google.firebase.installations.R
com.google.firebase.installations.RandomFidGenerator:
    private static final int FID_LENGTH
com.google.firebase.installations.Utils:
    private static final java.lang.String APP_ID_IDENTIFICATION_SUBSTRING
com.google.firebase.installations.internal.FidListenerHandle
com.google.firebase.installations.interop.BuildConfig
com.google.firebase.installations.interop.R$attr
com.google.firebase.installations.interop.R$color
com.google.firebase.installations.interop.R$dimen
com.google.firebase.installations.interop.R$drawable
com.google.firebase.installations.interop.R$id
com.google.firebase.installations.interop.R$integer
com.google.firebase.installations.interop.R$layout
com.google.firebase.installations.interop.R$string
com.google.firebase.installations.interop.R$style
com.google.firebase.installations.interop.R$styleable
com.google.firebase.installations.interop.R
com.google.firebase.installations.local.IidStore:
    private static final java.lang.String IID_SHARED_PREFS_NAME
    private static final java.lang.String JSON_ENCODED_PREFIX
    private static final java.lang.String JSON_TOKEN_KEY
    private static final java.lang.String STORE_KEY_ID
    private static final java.lang.String STORE_KEY_PUB
    private static final java.lang.String STORE_KEY_SEPARATOR
    private static final java.lang.String STORE_KEY_TOKEN
    public void <init>(android.content.SharedPreferences,java.lang.String)
com.google.firebase.installations.local.PersistedInstallation:
    private static final java.lang.String AUTH_TOKEN_KEY
    private static final java.lang.String EXPIRES_IN_SECONDS_KEY
    private static final java.lang.String FIREBASE_INSTALLATION_ID_KEY
    private static final java.lang.String FIS_ERROR_KEY
    private static final java.lang.String PERSISTED_STATUS_KEY
    private static final java.lang.String REFRESH_TOKEN_KEY
    private static final java.lang.String SETTINGS_FILE_NAME_PREFIX
    private static final java.lang.String TOKEN_CREATION_TIME_IN_SECONDS_KEY
    public void clearForTesting()
com.google.firebase.installations.remote.AutoValue_InstallationResponse$Builder:
    private void <init>(com.google.firebase.installations.remote.InstallationResponse)
    synthetic void <init>(com.google.firebase.installations.remote.InstallationResponse,com.google.firebase.installations.remote.AutoValue_InstallationResponse$1)
com.google.firebase.installations.remote.AutoValue_InstallationResponse:
    public com.google.firebase.installations.remote.InstallationResponse$Builder toBuilder()
com.google.firebase.installations.remote.AutoValue_TokenResult$Builder:
    private void <init>(com.google.firebase.installations.remote.TokenResult)
    synthetic void <init>(com.google.firebase.installations.remote.TokenResult,com.google.firebase.installations.remote.AutoValue_TokenResult$1)
com.google.firebase.installations.remote.AutoValue_TokenResult:
    public com.google.firebase.installations.remote.TokenResult$Builder toBuilder()